C:\USERS\B123400\DESKTOP\PROJECTFRAMEWORK\TRAINFILES\DEBUG\CALLBACKS.CPP.NATIVECODEANALYSIS.XML
C:\USERS\B123400\DESKTOP\PROJECTFRAMEWORK\TRAINFILES\DEBUG\CALLBACKS.OBJ
C:\USERS\B123400\DESKTOP\PROJECTFRAMEWORK\TRAINFILES\DEBUG\VC110.PDB
C:\USERS\B123400\DESKTOP\PROJECTFRAMEWORK\TRAINFILES\DEBUG\CONTROLPOINT.CPP.NATIVECODEANALYSIS.XML
C:\USERS\B123400\DESKTOP\PROJECTFRAMEWORK\TRAINFILES\DEBUG\CONTROLPOINT.OBJ
C:\USERS\B123400\DESKTOP\PROJECTFRAMEWORK\TRAINFILES\DEBUG\TRAIN.CPP.NATIVECODEANALYSIS.XML
C:\USERS\B123400\DESKTOP\PROJECTFRAMEWORK\TRAINFILES\DEBUG\TRAIN.OBJ
C:\USERS\B123400\DESKTOP\PROJECTFRAMEWORK\TRAINFILES\DEBUG\TRAINVIEW.CPP.NATIVECODEANALYSIS.XML
C:\USERS\B123400\DESKTOP\PROJECTFRAMEWORK\TRAINFILES\DEBUG\TRAINVIEW.OBJ
C:\USERS\B123400\DESKTOP\PROJECTFRAMEWORK\TRAINFILES\DEBUG\TRAINWINDOW.CPP.NATIVECODEANALYSIS.XML
C:\USERS\B123400\DESKTOP\PROJECTFRAMEWORK\TRAINFILES\DEBUG\TRAINWINDOW.OBJ
C:\USERS\B123400\DESKTOP\PROJECTFRAMEWORK\TRAINFILES\DEBUG\WORLD.CPP.NATIVECODEANALYSIS.XML
C:\USERS\B123400\DESKTOP\PROJECTFRAMEWORK\TRAINFILES\DEBUG\WORLD.OBJ
C:\USERS\B123400\DESKTOP\PROJECTFRAMEWORK\TRAINFILES\DEBUG\3DUTILS.CPP.NATIVECODEANALYSIS.XML
C:\USERS\B123400\DESKTOP\PROJECTFRAMEWORK\TRAINFILES\DEBUG\3DUTILS.OBJ
C:\USERS\B123400\DESKTOP\PROJECTFRAMEWORK\TRAINFILES\DEBUG\ARCBALLCAM.CPP.NATIVECODEANALYSIS.XML
C:\USERS\B123400\DESKTOP\PROJECTFRAMEWORK\TRAINFILES\DEBUG\ARCBALLCAM.OBJ
C:\USERS\B123400\DESKTOP\PROJECTFRAMEWORK\TRAINFILES\DEBUG\PNT3F.CPP.NATIVECODEANALYSIS.XML
C:\USERS\B123400\DESKTOP\PROJECTFRAMEWORK\TRAINFILES\DEBUG\PNT3F.OBJ
C:\USERS\B123400\DESKTOP\PROJECTFRAMEWORK\TRAINFILES\DEBUG\TRAIN.ILK
C:\USERS\B123400\DESKTOP\PROJECTFRAMEWORK\TRAINFILES\DEBUG\TRAIN.EXE
C:\USERS\B123400\DESKTOP\PROJECTFRAMEWORK\TRAINFILES\DEBUG\TRAIN.PDB
C:\Users\b123400\Desktop\ProjectFramework\TrainFiles\Debug\3DUtils.obj
C:\Users\b123400\Desktop\ProjectFramework\TrainFiles\Debug\ArcBallCam.obj
C:\Users\b123400\Desktop\ProjectFramework\TrainFiles\Debug\CallBacks.obj
C:\Users\b123400\Desktop\ProjectFramework\TrainFiles\Debug\ControlPoint.obj
C:\Users\b123400\Desktop\ProjectFramework\TrainFiles\Debug\Pnt3f.obj
C:\Users\b123400\Desktop\ProjectFramework\TrainFiles\Debug\Train.obj
C:\Users\b123400\Desktop\ProjectFramework\TrainFiles\Debug\TrainView.obj
C:\Users\b123400\Desktop\ProjectFramework\TrainFiles\Debug\TrainWindow.obj
C:\Users\b123400\Desktop\ProjectFramework\TrainFiles\Debug\World.obj
C:\Users\b123400\Desktop\ProjectFramework\TrainFiles\Debug\Train.ilk
C:\Users\b123400\Desktop\ProjectFramework\TrainFiles\Debug\cl.command.1.tlog
C:\Users\b123400\Desktop\ProjectFramework\TrainFiles\Debug\CL.read.1.tlog
C:\Users\b123400\Desktop\ProjectFramework\TrainFiles\Debug\CL.write.1.tlog
C:\Users\b123400\Desktop\ProjectFramework\TrainFiles\Debug\link-cvtres.read.1.tlog
C:\Users\b123400\Desktop\ProjectFramework\TrainFiles\Debug\link-cvtres.write.1.tlog
C:\Users\b123400\Desktop\ProjectFramework\TrainFiles\Debug\link-rc.read.1.tlog
C:\Users\b123400\Desktop\ProjectFramework\TrainFiles\Debug\link-rc.write.1.tlog
C:\Users\b123400\Desktop\ProjectFramework\TrainFiles\Debug\link.command.1.tlog
C:\Users\b123400\Desktop\ProjectFramework\TrainFiles\Debug\link.read.1.tlog
C:\Users\b123400\Desktop\ProjectFramework\TrainFiles\Debug\link.write.1.tlog
C:\Users\b123400\Desktop\ProjectFramework\TrainFiles\Debug\NativeCodeAnalysis.read.1.tlog
C:\Users\b123400\Desktop\ProjectFramework\TrainFiles\Debug\vc110.idb
C:\Users\b123400\Desktop\ProjectFramework\TrainFiles\Debug\Train.pdb
C:\Users\b123400\Desktop\ProjectFramework\TrainFiles\Debug\vc110.pdb
C:\Users\b123400\Desktop\ProjectFramework\TrainFiles\Debug\3DUtils.cpp.nativecodeanalysis.xml
C:\Users\b123400\Desktop\ProjectFramework\TrainFiles\Debug\ArcBallCam.cpp.nativecodeanalysis.xml
C:\Users\b123400\Desktop\ProjectFramework\TrainFiles\Debug\CallBacks.cpp.nativecodeanalysis.xml
C:\Users\b123400\Desktop\ProjectFramework\TrainFiles\Debug\ControlPoint.cpp.nativecodeanalysis.xml
C:\Users\b123400\Desktop\ProjectFramework\TrainFiles\Debug\Pnt3f.cpp.nativecodeanalysis.xml
C:\Users\b123400\Desktop\ProjectFramework\TrainFiles\Debug\Train.cpp.nativecodeanalysis.xml
C:\Users\b123400\Desktop\ProjectFramework\TrainFiles\Debug\TrainView.cpp.nativecodeanalysis.xml
C:\Users\b123400\Desktop\ProjectFramework\TrainFiles\Debug\TrainWindow.cpp.nativecodeanalysis.xml
C:\Users\b123400\Desktop\ProjectFramework\TrainFiles\Debug\vc.nativecodeanalysis.all.xml
C:\Users\b123400\Desktop\ProjectFramework\TrainFiles\Debug\World.cpp.nativecodeanalysis.xml
C:\Users\b123400\Desktop\ProjectFramework\TrainFiles\Debug\Train.exe
C:\Users\b123400\Desktop\ProjectFramework\TrainFiles\Debug\Train.exe.lastcodeanalysissucceeded
